<?xml version="1.0" encoding="UTF-8"?>
<coverage generated="1756295835958" clover="3.2.0">
  <project timestamp="1756295835958" name="All files">
    <metrics statements="456" coveredstatements="447" conditionals="27" coveredconditionals="26" methods="15" coveredmethods="14" elements="498" coveredelements="487" complexity="0" loc="456" ncloc="456" packages="8" files="8" classes="8"/>
    <package name="src">
      <metrics statements="9" coveredstatements="0" conditionals="1" coveredconditionals="0" methods="1" coveredmethods="0"/>
      <file name="main.tsx" path="/home/cm-arm-06-l/Desktop/Lessons/React/react-challenge/src/main.tsx">
        <metrics statements="9" coveredstatements="0" conditionals="1" coveredconditionals="0" methods="1" coveredmethods="0"/>
        <line num="1" count="0" type="cond" truecount="0" falsecount="1"/>
        <line num="2" count="0" type="stmt"/>
        <line num="3" count="0" type="stmt"/>
        <line num="4" count="0" type="stmt"/>
        <line num="6" count="0" type="stmt"/>
        <line num="7" count="0" type="stmt"/>
        <line num="8" count="0" type="stmt"/>
        <line num="9" count="0" type="stmt"/>
        <line num="10" count="0" type="stmt"/>
      </file>
    </package>
    <package name="src.App">
      <metrics statements="46" coveredstatements="46" conditionals="2" coveredconditionals="2" methods="2" coveredmethods="2"/>
      <file name="App.tsx" path="/home/cm-arm-06-l/Desktop/Lessons/React/react-challenge/src/App/App.tsx">
        <metrics statements="46" coveredstatements="46" conditionals="2" coveredconditionals="2" methods="2" coveredmethods="2"/>
        <line num="1" count="1" type="stmt"/>
        <line num="2" count="1" type="stmt"/>
        <line num="3" count="1" type="stmt"/>
        <line num="4" count="1" type="stmt"/>
        <line num="5" count="1" type="stmt"/>
        <line num="7" count="41" type="cond" truecount="1" falsecount="0"/>
        <line num="8" count="41" type="stmt"/>
        <line num="9" count="41" type="stmt"/>
        <line num="10" count="41" type="stmt"/>
        <line num="11" count="41" type="stmt"/>
        <line num="12" count="41" type="stmt"/>
        <line num="13" count="41" type="stmt"/>
        <line num="14" count="41" type="stmt"/>
        <line num="15" count="41" type="stmt"/>
        <line num="16" count="41" type="stmt"/>
        <line num="17" count="41" type="stmt"/>
        <line num="19" count="41" type="cond" truecount="1" falsecount="0"/>
        <line num="20" count="2" type="stmt"/>
        <line num="21" count="2" type="stmt"/>
        <line num="22" count="2" type="stmt"/>
        <line num="23" count="2" type="stmt"/>
        <line num="24" count="2" type="stmt"/>
        <line num="25" count="2" type="stmt"/>
        <line num="27" count="41" type="stmt"/>
        <line num="28" count="41" type="stmt"/>
        <line num="29" count="41" type="stmt"/>
        <line num="30" count="41" type="stmt"/>
        <line num="33" count="41" type="stmt"/>
        <line num="35" count="41" type="stmt"/>
        <line num="36" count="41" type="stmt"/>
        <line num="37" count="41" type="stmt"/>
        <line num="38" count="41" type="stmt"/>
        <line num="39" count="41" type="stmt"/>
        <line num="40" count="41" type="stmt"/>
        <line num="41" count="41" type="stmt"/>
        <line num="42" count="41" type="stmt"/>
        <line num="43" count="41" type="stmt"/>
        <line num="45" count="41" type="stmt"/>
        <line num="47" count="41" type="stmt"/>
        <line num="48" count="41" type="stmt"/>
        <line num="49" count="41" type="stmt"/>
        <line num="50" count="41" type="stmt"/>
        <line num="51" count="41" type="stmt"/>
        <line num="52" count="41" type="stmt"/>
        <line num="54" count="41" type="stmt"/>
        <line num="56" count="1" type="stmt"/>
      </file>
    </package>
    <package name="src.components.canvas">
      <metrics statements="17" coveredstatements="17" conditionals="4" coveredconditionals="4" methods="2" coveredmethods="2"/>
      <file name="Canvas.tsx" path="/home/cm-arm-06-l/Desktop/Lessons/React/react-challenge/src/components/canvas/Canvas.tsx">
        <metrics statements="17" coveredstatements="17" conditionals="4" coveredconditionals="4" methods="2" coveredmethods="2"/>
        <line num="2" count="1" type="stmt"/>
        <line num="4" count="44" type="cond" truecount="1" falsecount="0"/>
        <line num="5" count="44" type="cond" truecount="1" falsecount="0"/>
        <line num="6" count="21" type="stmt"/>
        <line num="7" count="21" type="stmt"/>
        <line num="8" count="21" type="stmt"/>
        <line num="10" count="21" type="stmt"/>
        <line num="11" count="21" type="stmt"/>
        <line num="13" count="44" type="stmt"/>
        <line num="14" count="44" type="stmt"/>
        <line num="15" count="44" type="cond" truecount="1" falsecount="0"/>
        <line num="16" count="44" type="cond" truecount="1" falsecount="0"/>
        <line num="17" count="86" type="stmt"/>
        <line num="18" count="44" type="stmt"/>
        <line num="19" count="44" type="stmt"/>
        <line num="21" count="44" type="stmt"/>
        <line num="23" count="1" type="stmt"/>
      </file>
    </package>
    <package name="src.components.controls">
      <metrics statements="24" coveredstatements="24" conditionals="1" coveredconditionals="1" methods="1" coveredmethods="1"/>
      <file name="Controls.tsx" path="/home/cm-arm-06-l/Desktop/Lessons/React/react-challenge/src/components/controls/Controls.tsx">
        <metrics statements="24" coveredstatements="24" conditionals="1" coveredconditionals="1" methods="1" coveredmethods="1"/>
        <line num="3" count="46" type="cond" truecount="1" falsecount="0"/>
        <line num="4" count="46" type="stmt"/>
        <line num="5" count="46" type="stmt"/>
        <line num="6" count="46" type="stmt"/>
        <line num="7" count="46" type="stmt"/>
        <line num="8" count="46" type="stmt"/>
        <line num="9" count="46" type="stmt"/>
        <line num="10" count="46" type="stmt"/>
        <line num="11" count="46" type="stmt"/>
        <line num="12" count="46" type="stmt"/>
        <line num="13" count="46" type="stmt"/>
        <line num="14" count="46" type="stmt"/>
        <line num="16" count="46" type="stmt"/>
        <line num="18" count="46" type="stmt"/>
        <line num="19" count="46" type="stmt"/>
        <line num="20" count="46" type="stmt"/>
        <line num="21" count="46" type="stmt"/>
        <line num="22" count="46" type="stmt"/>
        <line num="23" count="46" type="stmt"/>
        <line num="24" count="46" type="stmt"/>
        <line num="25" count="46" type="stmt"/>
        <line num="26" count="46" type="stmt"/>
        <line num="28" count="46" type="stmt"/>
        <line num="30" count="1" type="stmt"/>
      </file>
    </package>
    <package name="src.components.point">
      <metrics statements="13" coveredstatements="13" conditionals="1" coveredconditionals="1" methods="1" coveredmethods="1"/>
      <file name="Point.tsx" path="/home/cm-arm-06-l/Desktop/Lessons/React/react-challenge/src/components/point/Point.tsx">
        <metrics statements="13" coveredstatements="13" conditionals="1" coveredconditionals="1" methods="1" coveredmethods="1"/>
        <line num="3" count="109" type="cond" truecount="1" falsecount="0"/>
        <line num="4" count="109" type="stmt"/>
        <line num="5" count="109" type="stmt"/>
        <line num="6" count="109" type="stmt"/>
        <line num="7" count="109" type="stmt"/>
        <line num="8" count="109" type="stmt"/>
        <line num="9" count="109" type="stmt"/>
        <line num="10" count="109" type="stmt"/>
        <line num="11" count="109" type="stmt"/>
        <line num="12" count="109" type="stmt"/>
        <line num="13" count="109" type="stmt"/>
        <line num="15" count="109" type="stmt"/>
        <line num="17" count="1" type="stmt"/>
      </file>
    </package>
    <package name="src.components.stats">
      <metrics statements="18" coveredstatements="18" conditionals="1" coveredconditionals="1" methods="1" coveredmethods="1"/>
      <file name="Stats.tsx" path="/home/cm-arm-06-l/Desktop/Lessons/React/react-challenge/src/components/stats/Stats.tsx">
        <metrics statements="18" coveredstatements="18" conditionals="1" coveredconditionals="1" methods="1" coveredmethods="1"/>
        <line num="3" count="45" type="cond" truecount="1" falsecount="0"/>
        <line num="4" count="45" type="stmt"/>
        <line num="5" count="45" type="stmt"/>
        <line num="6" count="45" type="stmt"/>
        <line num="7" count="45" type="stmt"/>
        <line num="8" count="45" type="stmt"/>
        <line num="9" count="45" type="stmt"/>
        <line num="10" count="45" type="stmt"/>
        <line num="11" count="45" type="stmt"/>
        <line num="12" count="45" type="stmt"/>
        <line num="13" count="45" type="stmt"/>
        <line num="14" count="45" type="stmt"/>
        <line num="15" count="45" type="stmt"/>
        <line num="16" count="45" type="stmt"/>
        <line num="17" count="45" type="stmt"/>
        <line num="18" count="45" type="stmt"/>
        <line num="20" count="45" type="stmt"/>
        <line num="22" count="1" type="stmt"/>
      </file>
    </package>
    <package name="src.hooks">
      <metrics statements="329" coveredstatements="329" conditionals="16" coveredconditionals="16" methods="6" coveredmethods="6"/>
      <file name="useDrawing.ts" path="/home/cm-arm-06-l/Desktop/Lessons/React/react-challenge/src/hooks/useDrawing.ts">
        <metrics statements="329" coveredstatements="329" conditionals="16" coveredconditionals="16" methods="6" coveredmethods="6"/>
        <line num="1" count="1" type="stmt"/>
        <line num="4" count="1" type="stmt"/>
        <line num="5" count="1" type="stmt"/>
        <line num="6" count="1" type="stmt"/>
        <line num="8" count="1" type="cond" truecount="1" falsecount="0"/>
        <line num="9" count="38" type="stmt"/>
        <line num="10" count="38" type="stmt"/>
        <line num="11" count="38" type="stmt"/>
        <line num="12" count="38" type="stmt"/>
        <line num="13" count="38" type="stmt"/>
        <line num="14" count="38" type="stmt"/>
        <line num="15" count="38" type="stmt"/>
        <line num="16" count="38" type="stmt"/>
        <line num="17" count="38" type="stmt"/>
        <line num="18" count="38" type="stmt"/>
        <line num="19" count="38" type="stmt"/>
        <line num="20" count="38" type="stmt"/>
        <line num="21" count="38" type="stmt"/>
        <line num="22" count="38" type="stmt"/>
        <line num="23" count="38" type="stmt"/>
        <line num="24" count="38" type="stmt"/>
        <line num="25" count="38" type="stmt"/>
        <line num="26" count="38" type="stmt"/>
        <line num="27" count="38" type="stmt"/>
        <line num="28" count="38" type="stmt"/>
        <line num="29" count="38" type="stmt"/>
        <line num="30" count="38" type="stmt"/>
        <line num="31" count="38" type="stmt"/>
        <line num="32" count="38" type="stmt"/>
        <line num="33" count="38" type="stmt"/>
        <line num="34" count="38" type="stmt"/>
        <line num="35" count="38" type="stmt"/>
        <line num="36" count="38" type="stmt"/>
        <line num="37" count="38" type="stmt"/>
        <line num="38" count="38" type="stmt"/>
        <line num="39" count="38" type="stmt"/>
        <line num="40" count="38" type="stmt"/>
        <line num="41" count="38" type="stmt"/>
        <line num="42" count="38" type="stmt"/>
        <line num="43" count="38" type="stmt"/>
        <line num="44" count="38" type="stmt"/>
        <line num="45" count="38" type="stmt"/>
        <line num="46" count="38" type="stmt"/>
        <line num="47" count="38" type="stmt"/>
        <line num="48" count="38" type="stmt"/>
        <line num="49" count="38" type="stmt"/>
        <line num="50" count="38" type="stmt"/>
        <line num="51" count="38" type="stmt"/>
        <line num="52" count="38" type="stmt"/>
        <line num="53" count="38" type="stmt"/>
        <line num="54" count="38" type="stmt"/>
        <line num="55" count="38" type="stmt"/>
        <line num="56" count="38" type="stmt"/>
        <line num="57" count="38" type="stmt"/>
        <line num="58" count="38" type="stmt"/>
        <line num="59" count="38" type="stmt"/>
        <line num="60" count="38" type="stmt"/>
        <line num="61" count="38" type="stmt"/>
        <line num="62" count="38" type="stmt"/>
        <line num="63" count="38" type="stmt"/>
        <line num="64" count="38" type="stmt"/>
        <line num="65" count="38" type="stmt"/>
        <line num="66" count="38" type="stmt"/>
        <line num="67" count="38" type="stmt"/>
        <line num="68" count="38" type="stmt"/>
        <line num="69" count="38" type="stmt"/>
        <line num="70" count="38" type="stmt"/>
        <line num="71" count="38" type="stmt"/>
        <line num="72" count="38" type="stmt"/>
        <line num="73" count="38" type="stmt"/>
        <line num="74" count="38" type="stmt"/>
        <line num="75" count="38" type="stmt"/>
        <line num="76" count="38" type="stmt"/>
        <line num="77" count="38" type="stmt"/>
        <line num="78" count="38" type="stmt"/>
        <line num="79" count="38" type="stmt"/>
        <line num="80" count="38" type="stmt"/>
        <line num="81" count="38" type="stmt"/>
        <line num="82" count="38" type="stmt"/>
        <line num="83" count="38" type="stmt"/>
        <line num="84" count="38" type="stmt"/>
        <line num="85" count="38" type="stmt"/>
        <line num="86" count="38" type="stmt"/>
        <line num="87" count="38" type="stmt"/>
        <line num="88" count="38" type="stmt"/>
        <line num="89" count="38" type="stmt"/>
        <line num="90" count="38" type="stmt"/>
        <line num="91" count="38" type="stmt"/>
        <line num="92" count="38" type="stmt"/>
        <line num="93" count="38" type="stmt"/>
        <line num="94" count="38" type="stmt"/>
        <line num="95" count="38" type="stmt"/>
        <line num="96" count="38" type="stmt"/>
        <line num="97" count="38" type="stmt"/>
        <line num="98" count="38" type="stmt"/>
        <line num="99" count="38" type="stmt"/>
        <line num="100" count="38" type="stmt"/>
        <line num="101" count="38" type="stmt"/>
        <line num="102" count="38" type="stmt"/>
        <line num="103" count="38" type="stmt"/>
        <line num="104" count="38" type="stmt"/>
        <line num="105" count="38" type="stmt"/>
        <line num="106" count="38" type="stmt"/>
        <line num="107" count="38" type="stmt"/>
        <line num="108" count="38" type="stmt"/>
        <line num="109" count="38" type="stmt"/>
        <line num="110" count="38" type="stmt"/>
        <line num="111" count="38" type="stmt"/>
        <line num="112" count="38" type="stmt"/>
        <line num="113" count="38" type="stmt"/>
        <line num="114" count="38" type="stmt"/>
        <line num="115" count="38" type="stmt"/>
        <line num="116" count="38" type="stmt"/>
        <line num="117" count="38" type="stmt"/>
        <line num="118" count="38" type="stmt"/>
        <line num="119" count="38" type="stmt"/>
        <line num="120" count="38" type="stmt"/>
        <line num="121" count="38" type="stmt"/>
        <line num="122" count="38" type="stmt"/>
        <line num="123" count="38" type="stmt"/>
        <line num="124" count="38" type="stmt"/>
        <line num="125" count="38" type="stmt"/>
        <line num="126" count="38" type="stmt"/>
        <line num="127" count="38" type="stmt"/>
        <line num="128" count="38" type="stmt"/>
        <line num="129" count="38" type="stmt"/>
        <line num="130" count="38" type="stmt"/>
        <line num="131" count="38" type="stmt"/>
        <line num="132" count="38" type="stmt"/>
        <line num="133" count="38" type="stmt"/>
        <line num="134" count="38" type="stmt"/>
        <line num="135" count="38" type="stmt"/>
        <line num="136" count="38" type="stmt"/>
        <line num="137" count="38" type="stmt"/>
        <line num="138" count="38" type="stmt"/>
        <line num="139" count="38" type="stmt"/>
        <line num="140" count="38" type="stmt"/>
        <line num="141" count="38" type="stmt"/>
        <line num="142" count="38" type="stmt"/>
        <line num="143" count="38" type="stmt"/>
        <line num="144" count="38" type="stmt"/>
        <line num="145" count="38" type="stmt"/>
        <line num="146" count="38" type="stmt"/>
        <line num="147" count="38" type="stmt"/>
        <line num="148" count="38" type="stmt"/>
        <line num="149" count="38" type="stmt"/>
        <line num="150" count="38" type="stmt"/>
        <line num="151" count="38" type="stmt"/>
        <line num="152" count="38" type="stmt"/>
        <line num="153" count="38" type="stmt"/>
        <line num="154" count="38" type="stmt"/>
        <line num="155" count="38" type="stmt"/>
        <line num="156" count="38" type="stmt"/>
        <line num="157" count="38" type="stmt"/>
        <line num="158" count="38" type="stmt"/>
        <line num="159" count="38" type="stmt"/>
        <line num="160" count="38" type="stmt"/>
        <line num="161" count="38" type="stmt"/>
        <line num="162" count="38" type="stmt"/>
        <line num="163" count="38" type="stmt"/>
        <line num="164" count="38" type="stmt"/>
        <line num="165" count="38" type="stmt"/>
        <line num="166" count="38" type="stmt"/>
        <line num="167" count="38" type="stmt"/>
        <line num="168" count="38" type="stmt"/>
        <line num="169" count="38" type="stmt"/>
        <line num="170" count="38" type="stmt"/>
        <line num="171" count="38" type="stmt"/>
        <line num="172" count="38" type="stmt"/>
        <line num="173" count="38" type="stmt"/>
        <line num="174" count="38" type="stmt"/>
        <line num="175" count="38" type="stmt"/>
        <line num="176" count="38" type="stmt"/>
        <line num="177" count="38" type="stmt"/>
        <line num="178" count="38" type="stmt"/>
        <line num="179" count="38" type="stmt"/>
        <line num="180" count="38" type="stmt"/>
        <line num="181" count="38" type="stmt"/>
        <line num="182" count="38" type="stmt"/>
        <line num="183" count="38" type="stmt"/>
        <line num="184" count="38" type="stmt"/>
        <line num="185" count="38" type="stmt"/>
        <line num="186" count="38" type="stmt"/>
        <line num="187" count="38" type="stmt"/>
        <line num="188" count="38" type="stmt"/>
        <line num="189" count="38" type="stmt"/>
        <line num="190" count="38" type="stmt"/>
        <line num="191" count="38" type="stmt"/>
        <line num="192" count="38" type="stmt"/>
        <line num="193" count="38" type="stmt"/>
        <line num="194" count="38" type="stmt"/>
        <line num="195" count="38" type="stmt"/>
        <line num="196" count="38" type="stmt"/>
        <line num="197" count="38" type="stmt"/>
        <line num="198" count="38" type="stmt"/>
        <line num="199" count="38" type="stmt"/>
        <line num="200" count="38" type="stmt"/>
        <line num="201" count="38" type="stmt"/>
        <line num="202" count="38" type="stmt"/>
        <line num="203" count="38" type="stmt"/>
        <line num="204" count="38" type="stmt"/>
        <line num="205" count="38" type="stmt"/>
        <line num="206" count="38" type="stmt"/>
        <line num="207" count="38" type="stmt"/>
        <line num="208" count="38" type="stmt"/>
        <line num="209" count="38" type="stmt"/>
        <line num="210" count="38" type="stmt"/>
        <line num="211" count="38" type="stmt"/>
        <line num="212" count="38" type="stmt"/>
        <line num="213" count="38" type="stmt"/>
        <line num="214" count="38" type="stmt"/>
        <line num="215" count="38" type="stmt"/>
        <line num="216" count="38" type="stmt"/>
        <line num="217" count="38" type="stmt"/>
        <line num="218" count="38" type="stmt"/>
        <line num="219" count="38" type="stmt"/>
        <line num="220" count="38" type="stmt"/>
        <line num="221" count="38" type="stmt"/>
        <line num="222" count="38" type="stmt"/>
        <line num="223" count="38" type="stmt"/>
        <line num="224" count="38" type="stmt"/>
        <line num="225" count="38" type="stmt"/>
        <line num="226" count="38" type="stmt"/>
        <line num="227" count="38" type="stmt"/>
        <line num="228" count="38" type="stmt"/>
        <line num="229" count="38" type="stmt"/>
        <line num="230" count="38" type="stmt"/>
        <line num="231" count="38" type="stmt"/>
        <line num="232" count="38" type="stmt"/>
        <line num="233" count="38" type="stmt"/>
        <line num="234" count="38" type="stmt"/>
        <line num="235" count="38" type="stmt"/>
        <line num="236" count="38" type="stmt"/>
        <line num="237" count="38" type="stmt"/>
        <line num="238" count="38" type="stmt"/>
        <line num="239" count="38" type="stmt"/>
        <line num="240" count="38" type="stmt"/>
        <line num="241" count="38" type="stmt"/>
        <line num="242" count="38" type="stmt"/>
        <line num="243" count="38" type="stmt"/>
        <line num="244" count="38" type="stmt"/>
        <line num="245" count="38" type="stmt"/>
        <line num="246" count="38" type="stmt"/>
        <line num="247" count="38" type="stmt"/>
        <line num="248" count="38" type="stmt"/>
        <line num="249" count="38" type="stmt"/>
        <line num="250" count="38" type="stmt"/>
        <line num="251" count="38" type="stmt"/>
        <line num="252" count="38" type="stmt"/>
        <line num="253" count="38" type="stmt"/>
        <line num="254" count="38" type="stmt"/>
        <line num="255" count="38" type="stmt"/>
        <line num="256" count="38" type="stmt"/>
        <line num="257" count="38" type="stmt"/>
        <line num="258" count="38" type="stmt"/>
        <line num="259" count="38" type="stmt"/>
        <line num="260" count="38" type="stmt"/>
        <line num="261" count="38" type="stmt"/>
        <line num="263" count="38" type="stmt"/>
        <line num="264" count="38" type="stmt"/>
        <line num="266" count="1" type="stmt"/>
        <line num="267" count="1" type="stmt"/>
        <line num="268" count="1" type="stmt"/>
        <line num="269" count="1" type="stmt"/>
        <line num="271" count="63" type="cond" truecount="1" falsecount="0"/>
        <line num="272" count="63" type="stmt"/>
        <line num="273" count="63" type="stmt"/>
        <line num="274" count="63" type="stmt"/>
        <line num="275" count="63" type="stmt"/>
        <line num="276" count="63" type="cond" truecount="1" falsecount="0"/>
        <line num="277" count="39" type="cond" truecount="1" falsecount="0"/>
        <line num="278" count="38" type="stmt"/>
        <line num="279" count="38" type="stmt"/>
        <line num="280" count="38" type="stmt"/>
        <line num="281" count="38" type="stmt"/>
        <line num="282" count="38" type="stmt"/>
        <line num="283" count="38" type="stmt"/>
        <line num="284" count="38" type="cond" truecount="1" falsecount="0"/>
        <line num="285" count="1" type="stmt"/>
        <line num="286" count="1" type="stmt"/>
        <line num="287" count="63" type="cond" truecount="1" falsecount="0"/>
        <line num="288" count="15" type="cond" truecount="2" falsecount="0"/>
        <line num="289" count="12" type="stmt"/>
        <line num="290" count="12" type="stmt"/>
        <line num="291" count="12" type="stmt"/>
        <line num="292" count="12" type="stmt"/>
        <line num="293" count="12" type="stmt"/>
        <line num="294" count="12" type="stmt"/>
        <line num="295" count="12" type="stmt"/>
        <line num="296" count="63" type="cond" truecount="1" falsecount="0"/>
        <line num="297" count="8" type="cond" truecount="2" falsecount="0"/>
        <line num="298" count="5" type="stmt"/>
        <line num="299" count="5" type="stmt"/>
        <line num="300" count="5" type="stmt"/>
        <line num="301" count="5" type="stmt"/>
        <line num="302" count="5" type="stmt"/>
        <line num="303" count="5" type="stmt"/>
        <line num="304" count="5" type="stmt"/>
        <line num="305" count="63" type="cond" truecount="1" falsecount="0"/>
        <line num="306" count="1" type="stmt"/>
        <line num="307" count="63" type="stmt"/>
        <line num="308" count="63" type="stmt"/>
        <line num="310" count="1" type="cond" truecount="1" falsecount="0"/>
        <line num="311" count="69" type="stmt"/>
        <line num="312" count="69" type="stmt"/>
        <line num="314" count="69" type="cond" truecount="1" falsecount="0"/>
        <line num="315" count="38" type="stmt"/>
        <line num="316" count="38" type="stmt"/>
        <line num="317" count="38" type="stmt"/>
        <line num="318" count="38" type="stmt"/>
        <line num="319" count="38" type="stmt"/>
        <line num="320" count="38" type="stmt"/>
        <line num="322" count="69" type="cond" truecount="1" falsecount="0"/>
        <line num="323" count="14" type="stmt"/>
        <line num="324" count="14" type="stmt"/>
        <line num="326" count="69" type="cond" truecount="1" falsecount="0"/>
        <line num="327" count="7" type="stmt"/>
        <line num="328" count="7" type="stmt"/>
        <line num="330" count="69" type="stmt"/>
        <line num="331" count="69" type="stmt"/>
        <line num="332" count="69" type="stmt"/>
        <line num="333" count="69" type="stmt"/>
        <line num="334" count="69" type="stmt"/>
        <line num="335" count="69" type="stmt"/>
        <line num="336" count="69" type="stmt"/>
        <line num="337" count="69" type="stmt"/>
        <line num="338" count="69" type="stmt"/>
        <line num="339" count="69" type="stmt"/>
        <line num="340" count="69" type="stmt"/>
      </file>
    </package>
    <package name="src.types">
      <metrics statements="0" coveredstatements="0" conditionals="1" coveredconditionals="1" methods="1" coveredmethods="1"/>
      <file name="index.ts" path="/home/cm-arm-06-l/Desktop/Lessons/React/react-challenge/src/types/index.ts">
        <metrics statements="0" coveredstatements="0" conditionals="1" coveredconditionals="1" methods="1" coveredmethods="1"/>
      </file>
    </package>
  </project>
</coverage>
