{"/home/cm-arm-06-l/Desktop/Lessons/React/react-challenge/src/main.tsx": {"path":"/home/cm-arm-06-l/Desktop/Lessons/React/react-challenge/src/main.tsx","all":true,"statementMap":{"0":{"start":{"line":1,"column":0},"end":{"line":1,"column":26}},"1":{"start":{"line":2,"column":0},"end":{"line":2,"column":40}},"2":{"start":{"line":3,"column":0},"end":{"line":3,"column":32}},"3":{"start":{"line":4,"column":0},"end":{"line":4,"column":21}},"5":{"start":{"line":6,"column":0},"end":{"line":6,"column":61}},"6":{"start":{"line":7,"column":0},"end":{"line":7,"column":20}},"7":{"start":{"line":8,"column":0},"end":{"line":8,"column":11}},"8":{"start":{"line":9,"column":0},"end":{"line":9,"column":21}},"9":{"start":{"line":10,"column":0},"end":{"line":10,"column":2}}},"s":{"0":0,"1":0,"2":0,"3":0,"5":0,"6":0,"7":0,"8":0,"9":0},"branchMap":{"0":{"type":"branch","line":1,"loc":{"start":{"line":1,"column":211},"end":{"line":10,"column":-174}},"locations":[{"start":{"line":1,"column":211},"end":{"line":10,"column":-174}}]}},"b":{"0":[0]},"fnMap":{"0":{"name":"(empty-report)","decl":{"start":{"line":1,"column":211},"end":{"line":10,"column":-174}},"loc":{"start":{"line":1,"column":211},"end":{"line":10,"column":-174}},"line":1}},"f":{"0":0}}
,"/home/cm-arm-06-l/Desktop/Lessons/React/react-challenge/src/App/App.tsx": {"path":"/home/cm-arm-06-l/Desktop/Lessons/React/react-challenge/src/App/App.tsx","all":false,"statementMap":{"0":{"start":{"line":1,"column":0},"end":{"line":1,"column":49}},"1":{"start":{"line":2,"column":0},"end":{"line":2,"column":55}},"2":{"start":{"line":3,"column":0},"end":{"line":3,"column":46}},"3":{"start":{"line":4,"column":0},"end":{"line":4,"column":49}},"4":{"start":{"line":5,"column":0},"end":{"line":5,"column":19}},"6":{"start":{"line":7,"column":0},"end":{"line":7,"column":16}},"7":{"start":{"line":8,"column":0},"end":{"line":8,"column":9}},"8":{"start":{"line":9,"column":0},"end":{"line":9,"column":11}},"9":{"start":{"line":10,"column":0},"end":{"line":10,"column":17}},"10":{"start":{"line":11,"column":0},"end":{"line":11,"column":16}},"11":{"start":{"line":12,"column":0},"end":{"line":12,"column":13}},"12":{"start":{"line":13,"column":0},"end":{"line":13,"column":9}},"13":{"start":{"line":14,"column":0},"end":{"line":14,"column":9}},"14":{"start":{"line":15,"column":0},"end":{"line":15,"column":12}},"15":{"start":{"line":16,"column":0},"end":{"line":16,"column":12}},"16":{"start":{"line":17,"column":0},"end":{"line":17,"column":19}},"18":{"start":{"line":19,"column":0},"end":{"line":19,"column":38}},"19":{"start":{"line":20,"column":0},"end":{"line":20,"column":14}},"20":{"start":{"line":21,"column":0},"end":{"line":21,"column":35}},"21":{"start":{"line":22,"column":0},"end":{"line":22,"column":34}},"22":{"start":{"line":23,"column":0},"end":{"line":23,"column":21}},"23":{"start":{"line":24,"column":0},"end":{"line":24,"column":7}},"24":{"start":{"line":25,"column":0},"end":{"line":25,"column":4}},"26":{"start":{"line":27,"column":0},"end":{"line":27,"column":10}},"27":{"start":{"line":28,"column":0},"end":{"line":28,"column":25}},"28":{"start":{"line":29,"column":0},"end":{"line":29,"column":41}},"29":{"start":{"line":30,"column":0},"end":{"line":30,"column":9}},"32":{"start":{"line":33,"column":0},"end":{"line":33,"column":10}},"34":{"start":{"line":35,"column":0},"end":{"line":35,"column":15}},"35":{"start":{"line":36,"column":0},"end":{"line":36,"column":41}},"36":{"start":{"line":37,"column":0},"end":{"line":37,"column":21}},"37":{"start":{"line":38,"column":0},"end":{"line":38,"column":21}},"38":{"start":{"line":39,"column":0},"end":{"line":39,"column":25}},"39":{"start":{"line":40,"column":0},"end":{"line":40,"column":25}},"40":{"start":{"line":41,"column":0},"end":{"line":41,"column":36}},"41":{"start":{"line":42,"column":0},"end":{"line":42,"column":31}},"42":{"start":{"line":43,"column":0},"end":{"line":43,"column":8}},"44":{"start":{"line":45,"column":0},"end":{"line":45,"column":54}},"46":{"start":{"line":47,"column":0},"end":{"line":47,"column":12}},"47":{"start":{"line":48,"column":0},"end":{"line":48,"column":35}},"48":{"start":{"line":49,"column":0},"end":{"line":49,"column":35}},"49":{"start":{"line":50,"column":0},"end":{"line":50,"column":33}},"50":{"start":{"line":51,"column":0},"end":{"line":51,"column":8}},"51":{"start":{"line":52,"column":0},"end":{"line":52,"column":10}},"53":{"start":{"line":54,"column":0},"end":{"line":54,"column":1}},"55":{"start":{"line":56,"column":0},"end":{"line":56,"column":19}}},"s":{"0":1,"1":1,"2":1,"3":1,"4":1,"6":41,"7":41,"8":41,"9":41,"10":41,"11":41,"12":41,"13":41,"14":41,"15":41,"16":41,"18":41,"19":2,"20":2,"21":2,"22":2,"23":2,"24":2,"26":41,"27":41,"28":41,"29":41,"32":41,"34":41,"35":41,"36":41,"37":41,"38":41,"39":41,"40":41,"41":41,"42":41,"44":41,"46":41,"47":41,"48":41,"49":41,"50":41,"51":41,"53":41,"55":1},"branchMap":{"0":{"type":"branch","line":7,"loc":{"start":{"line":7,"column":0},"end":{"line":54,"column":1}},"locations":[{"start":{"line":7,"column":0},"end":{"line":54,"column":1}}]},"1":{"type":"branch","line":19,"loc":{"start":{"line":19,"column":31},"end":{"line":25,"column":4}},"locations":[{"start":{"line":19,"column":31},"end":{"line":25,"column":4}}]}},"b":{"0":[41],"1":[2]},"fnMap":{"0":{"name":"App","decl":{"start":{"line":7,"column":0},"end":{"line":54,"column":1}},"loc":{"start":{"line":7,"column":0},"end":{"line":54,"column":1}},"line":7},"1":{"name":"handleAddRandomPoint","decl":{"start":{"line":19,"column":31},"end":{"line":25,"column":4}},"loc":{"start":{"line":19,"column":31},"end":{"line":25,"column":4}},"line":19}},"f":{"0":41,"1":2}}
,"/home/cm-arm-06-l/Desktop/Lessons/React/react-challenge/src/components/canvas/Canvas.tsx": {"path":"/home/cm-arm-06-l/Desktop/Lessons/React/react-challenge/src/components/canvas/Canvas.tsx","all":false,"statementMap":{"1":{"start":{"line":2,"column":0},"end":{"line":2,"column":35}},"3":{"start":{"line":4,"column":0},"end":{"line":4,"column":54}},"4":{"start":{"line":5,"column":0},"end":{"line":5,"column":70}},"5":{"start":{"line":6,"column":0},"end":{"line":6,"column":57}},"6":{"start":{"line":7,"column":0},"end":{"line":7,"column":36}},"7":{"start":{"line":8,"column":0},"end":{"line":8,"column":35}},"9":{"start":{"line":10,"column":0},"end":{"line":10,"column":41}},"10":{"start":{"line":11,"column":0},"end":{"line":11,"column":4}},"12":{"start":{"line":13,"column":0},"end":{"line":13,"column":10}},"13":{"start":{"line":14,"column":0},"end":{"line":14,"column":77}},"14":{"start":{"line":15,"column":0},"end":{"line":15,"column":71}},"15":{"start":{"line":16,"column":0},"end":{"line":16,"column":30}},"16":{"start":{"line":17,"column":0},"end":{"line":17,"column":46}},"17":{"start":{"line":18,"column":0},"end":{"line":18,"column":9}},"18":{"start":{"line":19,"column":0},"end":{"line":19,"column":10}},"20":{"start":{"line":21,"column":0},"end":{"line":21,"column":1}},"22":{"start":{"line":23,"column":0},"end":{"line":23,"column":22}}},"s":{"1":1,"3":44,"4":44,"5":21,"6":21,"7":21,"9":21,"10":21,"12":44,"13":44,"14":44,"15":44,"16":86,"17":44,"18":44,"20":44,"22":1},"branchMap":{"0":{"type":"branch","line":4,"loc":{"start":{"line":4,"column":0},"end":{"line":21,"column":1}},"locations":[{"start":{"line":4,"column":0},"end":{"line":21,"column":1}}]},"1":{"type":"branch","line":15,"loc":{"start":{"line":15,"column":25},"end":{"line":15,"column":71}},"locations":[{"start":{"line":15,"column":25},"end":{"line":15,"column":71}}]},"2":{"type":"branch","line":5,"loc":{"start":{"line":5,"column":28},"end":{"line":11,"column":4}},"locations":[{"start":{"line":5,"column":28},"end":{"line":11,"column":4}}]},"3":{"type":"branch","line":16,"loc":{"start":{"line":16,"column":18},"end":{"line":17,"column":46}},"locations":[{"start":{"line":16,"column":18},"end":{"line":17,"column":46}}]}},"b":{"0":[44],"1":[13],"2":[21],"3":[86]},"fnMap":{"0":{"name":"Canvas","decl":{"start":{"line":4,"column":0},"end":{"line":21,"column":1}},"loc":{"start":{"line":4,"column":0},"end":{"line":21,"column":1}},"line":4},"1":{"name":"handleCanvasClick","decl":{"start":{"line":5,"column":28},"end":{"line":11,"column":4}},"loc":{"start":{"line":5,"column":28},"end":{"line":11,"column":4}},"line":5}},"f":{"0":44,"1":21}}
,"/home/cm-arm-06-l/Desktop/Lessons/React/react-challenge/src/components/controls/Controls.tsx": {"path":"/home/cm-arm-06-l/Desktop/Lessons/React/react-challenge/src/components/controls/Controls.tsx","all":false,"statementMap":{"2":{"start":{"line":3,"column":0},"end":{"line":3,"column":19}},"3":{"start":{"line":4,"column":0},"end":{"line":4,"column":13}},"4":{"start":{"line":5,"column":0},"end":{"line":5,"column":9}},"5":{"start":{"line":6,"column":0},"end":{"line":6,"column":9}},"6":{"start":{"line":7,"column":0},"end":{"line":7,"column":10}},"7":{"start":{"line":8,"column":0},"end":{"line":8,"column":10}},"8":{"start":{"line":9,"column":0},"end":{"line":9,"column":12}},"9":{"start":{"line":10,"column":0},"end":{"line":10,"column":12}},"10":{"start":{"line":11,"column":0},"end":{"line":11,"column":62}},"11":{"start":{"line":12,"column":0},"end":{"line":12,"column":10}},"12":{"start":{"line":13,"column":0},"end":{"line":13,"column":30}},"13":{"start":{"line":14,"column":0},"end":{"line":14,"column":55}},"15":{"start":{"line":16,"column":0},"end":{"line":16,"column":15}},"17":{"start":{"line":18,"column":0},"end":{"line":18,"column":43}},"18":{"start":{"line":19,"column":0},"end":{"line":19,"column":74}},"19":{"start":{"line":20,"column":0},"end":{"line":20,"column":28}},"20":{"start":{"line":21,"column":0},"end":{"line":21,"column":17}},"21":{"start":{"line":22,"column":0},"end":{"line":22,"column":74}},"22":{"start":{"line":23,"column":0},"end":{"line":23,"column":28}},"23":{"start":{"line":24,"column":0},"end":{"line":24,"column":17}},"24":{"start":{"line":25,"column":0},"end":{"line":25,"column":12}},"25":{"start":{"line":26,"column":0},"end":{"line":26,"column":10}},"27":{"start":{"line":28,"column":0},"end":{"line":28,"column":1}},"29":{"start":{"line":30,"column":0},"end":{"line":30,"column":24}}},"s":{"2":46,"3":46,"4":46,"5":46,"6":46,"7":46,"8":46,"9":46,"10":46,"11":46,"12":46,"13":46,"15":46,"17":46,"18":46,"19":46,"20":46,"21":46,"22":46,"23":46,"24":46,"25":46,"27":46,"29":1},"branchMap":{"0":{"type":"branch","line":3,"loc":{"start":{"line":3,"column":0},"end":{"line":28,"column":1}},"locations":[{"start":{"line":3,"column":0},"end":{"line":28,"column":1}}]}},"b":{"0":[46]},"fnMap":{"0":{"name":"Controls","decl":{"start":{"line":3,"column":0},"end":{"line":28,"column":1}},"loc":{"start":{"line":3,"column":0},"end":{"line":28,"column":1}},"line":3}},"f":{"0":46}}
,"/home/cm-arm-06-l/Desktop/Lessons/React/react-challenge/src/components/point/Point.tsx": {"path":"/home/cm-arm-06-l/Desktop/Lessons/React/react-challenge/src/components/point/Point.tsx","all":false,"statementMap":{"2":{"start":{"line":3,"column":0},"end":{"line":3,"column":39}},"3":{"start":{"line":4,"column":0},"end":{"line":4,"column":10}},"4":{"start":{"line":5,"column":0},"end":{"line":5,"column":8}},"5":{"start":{"line":6,"column":0},"end":{"line":6,"column":23}},"6":{"start":{"line":7,"column":0},"end":{"line":7,"column":39}},"7":{"start":{"line":8,"column":0},"end":{"line":8,"column":14}},"8":{"start":{"line":9,"column":0},"end":{"line":9,"column":29}},"9":{"start":{"line":10,"column":0},"end":{"line":10,"column":28}},"10":{"start":{"line":11,"column":0},"end":{"line":11,"column":37}},"11":{"start":{"line":12,"column":0},"end":{"line":12,"column":8}},"12":{"start":{"line":13,"column":0},"end":{"line":13,"column":6}},"14":{"start":{"line":15,"column":0},"end":{"line":15,"column":1}},"16":{"start":{"line":17,"column":0},"end":{"line":17,"column":21}}},"s":{"2":109,"3":109,"4":109,"5":109,"6":109,"7":109,"8":109,"9":109,"10":109,"11":109,"12":109,"14":109,"16":1},"branchMap":{"0":{"type":"branch","line":3,"loc":{"start":{"line":3,"column":0},"end":{"line":15,"column":1}},"locations":[{"start":{"line":3,"column":0},"end":{"line":15,"column":1}}]}},"b":{"0":[109]},"fnMap":{"0":{"name":"Point","decl":{"start":{"line":3,"column":0},"end":{"line":15,"column":1}},"loc":{"start":{"line":3,"column":0},"end":{"line":15,"column":1}},"line":3}},"f":{"0":109}}
,"/home/cm-arm-06-l/Desktop/Lessons/React/react-challenge/src/components/stats/Stats.tsx": {"path":"/home/cm-arm-06-l/Desktop/Lessons/React/react-challenge/src/components/stats/Stats.tsx","all":false,"statementMap":{"2":{"start":{"line":3,"column":0},"end":{"line":3,"column":72}},"3":{"start":{"line":4,"column":0},"end":{"line":4,"column":10}},"4":{"start":{"line":5,"column":0},"end":{"line":5,"column":27}},"5":{"start":{"line":6,"column":0},"end":{"line":6,"column":33}},"6":{"start":{"line":7,"column":0},"end":{"line":7,"column":61}},"7":{"start":{"line":8,"column":0},"end":{"line":8,"column":57}},"8":{"start":{"line":9,"column":0},"end":{"line":9,"column":12}},"9":{"start":{"line":10,"column":0},"end":{"line":10,"column":33}},"10":{"start":{"line":11,"column":0},"end":{"line":11,"column":59}},"11":{"start":{"line":12,"column":0},"end":{"line":12,"column":58}},"12":{"start":{"line":13,"column":0},"end":{"line":13,"column":12}},"13":{"start":{"line":14,"column":0},"end":{"line":14,"column":33}},"14":{"start":{"line":15,"column":0},"end":{"line":15,"column":58}},"15":{"start":{"line":16,"column":0},"end":{"line":16,"column":57}},"16":{"start":{"line":17,"column":0},"end":{"line":17,"column":12}},"17":{"start":{"line":18,"column":0},"end":{"line":18,"column":10}},"19":{"start":{"line":20,"column":0},"end":{"line":20,"column":1}},"21":{"start":{"line":22,"column":0},"end":{"line":22,"column":21}}},"s":{"2":45,"3":45,"4":45,"5":45,"6":45,"7":45,"8":45,"9":45,"10":45,"11":45,"12":45,"13":45,"14":45,"15":45,"16":45,"17":45,"19":45,"21":1},"branchMap":{"0":{"type":"branch","line":3,"loc":{"start":{"line":3,"column":0},"end":{"line":20,"column":1}},"locations":[{"start":{"line":3,"column":0},"end":{"line":20,"column":1}}]}},"b":{"0":[45]},"fnMap":{"0":{"name":"Stats","decl":{"start":{"line":3,"column":0},"end":{"line":20,"column":1}},"loc":{"start":{"line":3,"column":0},"end":{"line":20,"column":1}},"line":3}},"f":{"0":45}}
,"/home/cm-arm-06-l/Desktop/Lessons/React/react-challenge/src/hooks/useDrawing.ts": {"path":"/home/cm-arm-06-l/Desktop/Lessons/React/react-challenge/src/hooks/useDrawing.ts","all":false,"statementMap":{"0":{"start":{"line":1,"column":0},"end":{"line":1,"column":35}},"3":{"start":{"line":4,"column":0},"end":{"line":4,"column":30}},"4":{"start":{"line":5,"column":0},"end":{"line":5,"column":20}},"5":{"start":{"line":6,"column":0},"end":{"line":6,"column":20}},"7":{"start":{"line":8,"column":0},"end":{"line":8,"column":30}},"8":{"start":{"line":9,"column":0},"end":{"line":9,"column":18}},"9":{"start":{"line":10,"column":0},"end":{"line":10,"column":41}},"10":{"start":{"line":11,"column":0},"end":{"line":11,"column":29}},"11":{"start":{"line":12,"column":0},"end":{"line":12,"column":34}},"12":{"start":{"line":13,"column":0},"end":{"line":13,"column":31}},"13":{"start":{"line":14,"column":0},"end":{"line":14,"column":34}},"14":{"start":{"line":15,"column":0},"end":{"line":15,"column":31}},"15":{"start":{"line":16,"column":0},"end":{"line":16,"column":37}},"16":{"start":{"line":17,"column":0},"end":{"line":17,"column":34}},"17":{"start":{"line":18,"column":0},"end":{"line":18,"column":32}},"18":{"start":{"line":19,"column":0},"end":{"line":19,"column":35}},"19":{"start":{"line":20,"column":0},"end":{"line":20,"column":49}},"20":{"start":{"line":21,"column":0},"end":{"line":21,"column":34}},"21":{"start":{"line":22,"column":0},"end":{"line":22,"column":32}},"22":{"start":{"line":23,"column":0},"end":{"line":23,"column":30}},"23":{"start":{"line":24,"column":0},"end":{"line":24,"column":29}},"24":{"start":{"line":25,"column":0},"end":{"line":25,"column":35}},"25":{"start":{"line":26,"column":0},"end":{"line":26,"column":37}},"26":{"start":{"line":27,"column":0},"end":{"line":27,"column":33}},"27":{"start":{"line":28,"column":0},"end":{"line":28,"column":30}},"28":{"start":{"line":29,"column":0},"end":{"line":29,"column":32}},"29":{"start":{"line":30,"column":0},"end":{"line":30,"column":31}},"30":{"start":{"line":31,"column":0},"end":{"line":31,"column":40}},"31":{"start":{"line":32,"column":0},"end":{"line":32,"column":40}},"32":{"start":{"line":33,"column":0},"end":{"line":33,"column":33}},"33":{"start":{"line":34,"column":0},"end":{"line":34,"column":35}},"34":{"start":{"line":35,"column":0},"end":{"line":35,"column":31}},"35":{"start":{"line":36,"column":0},"end":{"line":36,"column":28}},"36":{"start":{"line":37,"column":0},"end":{"line":37,"column":36}},"37":{"start":{"line":38,"column":0},"end":{"line":38,"column":30}},"38":{"start":{"line":39,"column":0},"end":{"line":39,"column":30}},"39":{"start":{"line":40,"column":0},"end":{"line":40,"column":37}},"40":{"start":{"line":41,"column":0},"end":{"line":41,"column":33}},"41":{"start":{"line":42,"column":0},"end":{"line":42,"column":30}},"42":{"start":{"line":43,"column":0},"end":{"line":43,"column":28}},"43":{"start":{"line":44,"column":0},"end":{"line":44,"column":38}},"44":{"start":{"line":45,"column":0},"end":{"line":45,"column":35}},"45":{"start":{"line":46,"column":0},"end":{"line":46,"column":32}},"46":{"start":{"line":47,"column":0},"end":{"line":47,"column":31}},"47":{"start":{"line":48,"column":0},"end":{"line":48,"column":30}},"48":{"start":{"line":49,"column":0},"end":{"line":49,"column":35}},"49":{"start":{"line":50,"column":0},"end":{"line":50,"column":29}},"50":{"start":{"line":51,"column":0},"end":{"line":51,"column":28}},"51":{"start":{"line":52,"column":0},"end":{"line":52,"column":36}},"52":{"start":{"line":53,"column":0},"end":{"line":53,"column":35}},"53":{"start":{"line":54,"column":0},"end":{"line":54,"column":37}},"54":{"start":{"line":55,"column":0},"end":{"line":55,"column":34}},"55":{"start":{"line":56,"column":0},"end":{"line":56,"column":30}},"56":{"start":{"line":57,"column":0},"end":{"line":57,"column":32}},"57":{"start":{"line":58,"column":0},"end":{"line":58,"column":35}},"58":{"start":{"line":59,"column":0},"end":{"line":59,"column":30}},"59":{"start":{"line":60,"column":0},"end":{"line":60,"column":30}},"60":{"start":{"line":61,"column":0},"end":{"line":61,"column":35}},"61":{"start":{"line":62,"column":0},"end":{"line":62,"column":30}},"62":{"start":{"line":63,"column":0},"end":{"line":63,"column":33}},"63":{"start":{"line":64,"column":0},"end":{"line":64,"column":33}},"64":{"start":{"line":65,"column":0},"end":{"line":65,"column":27}},"65":{"start":{"line":66,"column":0},"end":{"line":66,"column":33}},"66":{"start":{"line":67,"column":0},"end":{"line":67,"column":30}},"67":{"start":{"line":68,"column":0},"end":{"line":68,"column":29}},"68":{"start":{"line":69,"column":0},"end":{"line":69,"column":34}},"69":{"start":{"line":70,"column":0},"end":{"line":70,"column":29}},"70":{"start":{"line":71,"column":0},"end":{"line":71,"column":36}},"71":{"start":{"line":72,"column":0},"end":{"line":72,"column":40}},"72":{"start":{"line":73,"column":0},"end":{"line":73,"column":35}},"73":{"start":{"line":74,"column":0},"end":{"line":74,"column":35}},"74":{"start":{"line":75,"column":0},"end":{"line":75,"column":37}},"75":{"start":{"line":76,"column":0},"end":{"line":76,"column":27}},"76":{"start":{"line":77,"column":0},"end":{"line":77,"column":30}},"77":{"start":{"line":78,"column":0},"end":{"line":78,"column":34}},"78":{"start":{"line":79,"column":0},"end":{"line":79,"column":36}},"79":{"start":{"line":80,"column":0},"end":{"line":80,"column":37}},"80":{"start":{"line":81,"column":0},"end":{"line":81,"column":30}},"81":{"start":{"line":82,"column":0},"end":{"line":82,"column":29}},"82":{"start":{"line":83,"column":0},"end":{"line":83,"column":34}},"83":{"start":{"line":84,"column":0},"end":{"line":84,"column":32}},"84":{"start":{"line":85,"column":0},"end":{"line":85,"column":34}},"85":{"start":{"line":86,"column":0},"end":{"line":86,"column":31}},"86":{"start":{"line":87,"column":0},"end":{"line":87,"column":36}},"87":{"start":{"line":88,"column":0},"end":{"line":88,"column":37}},"88":{"start":{"line":89,"column":0},"end":{"line":89,"column":38}},"89":{"start":{"line":90,"column":0},"end":{"line":90,"column":31}},"90":{"start":{"line":91,"column":0},"end":{"line":91,"column":33}},"91":{"start":{"line":92,"column":0},"end":{"line":92,"column":31}},"92":{"start":{"line":93,"column":0},"end":{"line":93,"column":35}},"93":{"start":{"line":94,"column":0},"end":{"line":94,"column":27}},"94":{"start":{"line":95,"column":0},"end":{"line":95,"column":31}},"95":{"start":{"line":96,"column":0},"end":{"line":96,"column":30}},"96":{"start":{"line":97,"column":0},"end":{"line":97,"column":28}},"97":{"start":{"line":98,"column":0},"end":{"line":98,"column":35}},"98":{"start":{"line":99,"column":0},"end":{"line":99,"column":30}},"99":{"start":{"line":100,"column":0},"end":{"line":100,"column":30}},"100":{"start":{"line":101,"column":0},"end":{"line":101,"column":32}},"101":{"start":{"line":102,"column":0},"end":{"line":102,"column":33}},"102":{"start":{"line":103,"column":0},"end":{"line":103,"column":35}},"103":{"start":{"line":104,"column":0},"end":{"line":104,"column":37}},"104":{"start":{"line":105,"column":0},"end":{"line":105,"column":28}},"105":{"start":{"line":106,"column":0},"end":{"line":106,"column":31}},"106":{"start":{"line":107,"column":0},"end":{"line":107,"column":32}},"107":{"start":{"line":108,"column":0},"end":{"line":108,"column":34}},"108":{"start":{"line":109,"column":0},"end":{"line":109,"column":32}},"109":{"start":{"line":110,"column":0},"end":{"line":110,"column":36}},"110":{"start":{"line":111,"column":0},"end":{"line":111,"column":36}},"111":{"start":{"line":112,"column":0},"end":{"line":112,"column":28}},"112":{"start":{"line":113,"column":0},"end":{"line":113,"column":31}},"113":{"start":{"line":114,"column":0},"end":{"line":114,"column":28}},"114":{"start":{"line":115,"column":0},"end":{"line":115,"column":34}},"115":{"start":{"line":116,"column":0},"end":{"line":116,"column":31}},"116":{"start":{"line":117,"column":0},"end":{"line":117,"column":30}},"117":{"start":{"line":118,"column":0},"end":{"line":118,"column":33}},"118":{"start":{"line":119,"column":0},"end":{"line":119,"column":31}},"119":{"start":{"line":120,"column":0},"end":{"line":120,"column":29}},"120":{"start":{"line":121,"column":0},"end":{"line":121,"column":37}},"121":{"start":{"line":122,"column":0},"end":{"line":122,"column":37}},"122":{"start":{"line":123,"column":0},"end":{"line":123,"column":31}},"123":{"start":{"line":124,"column":0},"end":{"line":124,"column":33}},"124":{"start":{"line":125,"column":0},"end":{"line":125,"column":34}},"125":{"start":{"line":126,"column":0},"end":{"line":126,"column":30}},"126":{"start":{"line":127,"column":0},"end":{"line":127,"column":34}},"127":{"start":{"line":128,"column":0},"end":{"line":128,"column":31}},"128":{"start":{"line":129,"column":0},"end":{"line":129,"column":32}},"129":{"start":{"line":130,"column":0},"end":{"line":130,"column":31}},"130":{"start":{"line":131,"column":0},"end":{"line":131,"column":27}},"131":{"start":{"line":132,"column":0},"end":{"line":132,"column":31}},"132":{"start":{"line":133,"column":0},"end":{"line":133,"column":29}},"133":{"start":{"line":134,"column":0},"end":{"line":134,"column":36}},"134":{"start":{"line":135,"column":0},"end":{"line":135,"column":29}},"135":{"start":{"line":136,"column":0},"end":{"line":136,"column":32}},"136":{"start":{"line":137,"column":0},"end":{"line":137,"column":34}},"137":{"start":{"line":138,"column":0},"end":{"line":138,"column":31}},"138":{"start":{"line":139,"column":0},"end":{"line":139,"column":31}},"139":{"start":{"line":140,"column":0},"end":{"line":140,"column":32}},"140":{"start":{"line":141,"column":0},"end":{"line":141,"column":32}},"141":{"start":{"line":142,"column":0},"end":{"line":142,"column":35}},"142":{"start":{"line":143,"column":0},"end":{"line":143,"column":35}},"143":{"start":{"line":144,"column":0},"end":{"line":144,"column":39}},"144":{"start":{"line":145,"column":0},"end":{"line":145,"column":35}},"145":{"start":{"line":146,"column":0},"end":{"line":146,"column":32}},"146":{"start":{"line":147,"column":0},"end":{"line":147,"column":36}},"147":{"start":{"line":148,"column":0},"end":{"line":148,"column":31}},"148":{"start":{"line":149,"column":0},"end":{"line":149,"column":30}},"149":{"start":{"line":150,"column":0},"end":{"line":150,"column":34}},"150":{"start":{"line":151,"column":0},"end":{"line":151,"column":32}},"151":{"start":{"line":152,"column":0},"end":{"line":152,"column":34}},"152":{"start":{"line":153,"column":0},"end":{"line":153,"column":36}},"153":{"start":{"line":154,"column":0},"end":{"line":154,"column":27}},"154":{"start":{"line":155,"column":0},"end":{"line":155,"column":29}},"155":{"start":{"line":156,"column":0},"end":{"line":156,"column":31}},"156":{"start":{"line":157,"column":0},"end":{"line":157,"column":33}},"157":{"start":{"line":158,"column":0},"end":{"line":158,"column":31}},"158":{"start":{"line":159,"column":0},"end":{"line":159,"column":35}},"159":{"start":{"line":160,"column":0},"end":{"line":160,"column":31}},"160":{"start":{"line":161,"column":0},"end":{"line":161,"column":30}},"161":{"start":{"line":162,"column":0},"end":{"line":162,"column":31}},"162":{"start":{"line":163,"column":0},"end":{"line":163,"column":36}},"163":{"start":{"line":164,"column":0},"end":{"line":164,"column":30}},"164":{"start":{"line":165,"column":0},"end":{"line":165,"column":26}},"165":{"start":{"line":166,"column":0},"end":{"line":166,"column":32}},"166":{"start":{"line":167,"column":0},"end":{"line":167,"column":30}},"167":{"start":{"line":168,"column":0},"end":{"line":168,"column":29}},"168":{"start":{"line":169,"column":0},"end":{"line":169,"column":31}},"169":{"start":{"line":170,"column":0},"end":{"line":170,"column":30}},"170":{"start":{"line":171,"column":0},"end":{"line":171,"column":34}},"171":{"start":{"line":172,"column":0},"end":{"line":172,"column":31}},"172":{"start":{"line":173,"column":0},"end":{"line":173,"column":33}},"173":{"start":{"line":174,"column":0},"end":{"line":174,"column":28}},"174":{"start":{"line":175,"column":0},"end":{"line":175,"column":32}},"175":{"start":{"line":176,"column":0},"end":{"line":176,"column":29}},"176":{"start":{"line":177,"column":0},"end":{"line":177,"column":30}},"177":{"start":{"line":178,"column":0},"end":{"line":178,"column":32}},"178":{"start":{"line":179,"column":0},"end":{"line":179,"column":26}},"179":{"start":{"line":180,"column":0},"end":{"line":180,"column":32}},"180":{"start":{"line":181,"column":0},"end":{"line":181,"column":31}},"181":{"start":{"line":182,"column":0},"end":{"line":182,"column":31}},"182":{"start":{"line":183,"column":0},"end":{"line":183,"column":33}},"183":{"start":{"line":184,"column":0},"end":{"line":184,"column":29}},"184":{"start":{"line":185,"column":0},"end":{"line":185,"column":28}},"185":{"start":{"line":186,"column":0},"end":{"line":186,"column":28}},"186":{"start":{"line":187,"column":0},"end":{"line":187,"column":30}},"187":{"start":{"line":188,"column":0},"end":{"line":188,"column":38}},"188":{"start":{"line":189,"column":0},"end":{"line":189,"column":32}},"189":{"start":{"line":190,"column":0},"end":{"line":190,"column":29}},"190":{"start":{"line":191,"column":0},"end":{"line":191,"column":29}},"191":{"start":{"line":192,"column":0},"end":{"line":192,"column":35}},"192":{"start":{"line":193,"column":0},"end":{"line":193,"column":31}},"193":{"start":{"line":194,"column":0},"end":{"line":194,"column":30}},"194":{"start":{"line":195,"column":0},"end":{"line":195,"column":30}},"195":{"start":{"line":196,"column":0},"end":{"line":196,"column":35}},"196":{"start":{"line":197,"column":0},"end":{"line":197,"column":36}},"197":{"start":{"line":198,"column":0},"end":{"line":198,"column":28}},"198":{"start":{"line":199,"column":0},"end":{"line":199,"column":35}},"199":{"start":{"line":200,"column":0},"end":{"line":200,"column":33}},"200":{"start":{"line":201,"column":0},"end":{"line":201,"column":32}},"201":{"start":{"line":202,"column":0},"end":{"line":202,"column":29}},"202":{"start":{"line":203,"column":0},"end":{"line":203,"column":33}},"203":{"start":{"line":204,"column":0},"end":{"line":204,"column":34}},"204":{"start":{"line":205,"column":0},"end":{"line":205,"column":32}},"205":{"start":{"line":206,"column":0},"end":{"line":206,"column":31}},"206":{"start":{"line":207,"column":0},"end":{"line":207,"column":33}},"207":{"start":{"line":208,"column":0},"end":{"line":208,"column":31}},"208":{"start":{"line":209,"column":0},"end":{"line":209,"column":35}},"209":{"start":{"line":210,"column":0},"end":{"line":210,"column":35}},"210":{"start":{"line":211,"column":0},"end":{"line":211,"column":32}},"211":{"start":{"line":212,"column":0},"end":{"line":212,"column":31}},"212":{"start":{"line":213,"column":0},"end":{"line":213,"column":30}},"213":{"start":{"line":214,"column":0},"end":{"line":214,"column":30}},"214":{"start":{"line":215,"column":0},"end":{"line":215,"column":28}},"215":{"start":{"line":216,"column":0},"end":{"line":216,"column":33}},"216":{"start":{"line":217,"column":0},"end":{"line":217,"column":38}},"217":{"start":{"line":218,"column":0},"end":{"line":218,"column":30}},"218":{"start":{"line":219,"column":0},"end":{"line":219,"column":29}},"219":{"start":{"line":220,"column":0},"end":{"line":220,"column":27}},"220":{"start":{"line":221,"column":0},"end":{"line":221,"column":28}},"221":{"start":{"line":222,"column":0},"end":{"line":222,"column":32}},"222":{"start":{"line":223,"column":0},"end":{"line":223,"column":29}},"223":{"start":{"line":224,"column":0},"end":{"line":224,"column":32}},"224":{"start":{"line":225,"column":0},"end":{"line":225,"column":32}},"225":{"start":{"line":226,"column":0},"end":{"line":226,"column":31}},"226":{"start":{"line":227,"column":0},"end":{"line":227,"column":31}},"227":{"start":{"line":228,"column":0},"end":{"line":228,"column":34}},"228":{"start":{"line":229,"column":0},"end":{"line":229,"column":28}},"229":{"start":{"line":230,"column":0},"end":{"line":230,"column":34}},"230":{"start":{"line":231,"column":0},"end":{"line":231,"column":29}},"231":{"start":{"line":232,"column":0},"end":{"line":232,"column":30}},"232":{"start":{"line":233,"column":0},"end":{"line":233,"column":28}},"233":{"start":{"line":234,"column":0},"end":{"line":234,"column":29}},"234":{"start":{"line":235,"column":0},"end":{"line":235,"column":35}},"235":{"start":{"line":236,"column":0},"end":{"line":236,"column":34}},"236":{"start":{"line":237,"column":0},"end":{"line":237,"column":33}},"237":{"start":{"line":238,"column":0},"end":{"line":238,"column":31}},"238":{"start":{"line":239,"column":0},"end":{"line":239,"column":31}},"239":{"start":{"line":240,"column":0},"end":{"line":240,"column":32}},"240":{"start":{"line":241,"column":0},"end":{"line":241,"column":30}},"241":{"start":{"line":242,"column":0},"end":{"line":242,"column":33}},"242":{"start":{"line":243,"column":0},"end":{"line":243,"column":30}},"243":{"start":{"line":244,"column":0},"end":{"line":244,"column":32}},"244":{"start":{"line":245,"column":0},"end":{"line":245,"column":32}},"245":{"start":{"line":246,"column":0},"end":{"line":246,"column":35}},"246":{"start":{"line":247,"column":0},"end":{"line":247,"column":29}},"247":{"start":{"line":248,"column":0},"end":{"line":248,"column":29}},"248":{"start":{"line":249,"column":0},"end":{"line":249,"column":30}},"249":{"start":{"line":250,"column":0},"end":{"line":250,"column":29}},"250":{"start":{"line":251,"column":0},"end":{"line":251,"column":33}},"251":{"start":{"line":252,"column":0},"end":{"line":252,"column":34}},"252":{"start":{"line":253,"column":0},"end":{"line":253,"column":30}},"253":{"start":{"line":254,"column":0},"end":{"line":254,"column":30}},"254":{"start":{"line":255,"column":0},"end":{"line":255,"column":34}},"255":{"start":{"line":256,"column":0},"end":{"line":256,"column":34}},"256":{"start":{"line":257,"column":0},"end":{"line":257,"column":29}},"257":{"start":{"line":258,"column":0},"end":{"line":258,"column":32}},"258":{"start":{"line":259,"column":0},"end":{"line":259,"column":31}},"259":{"start":{"line":260,"column":0},"end":{"line":260,"column":31}},"260":{"start":{"line":261,"column":0},"end":{"line":261,"column":4}},"262":{"start":{"line":263,"column":0},"end":{"line":263,"column":59}},"263":{"start":{"line":264,"column":0},"end":{"line":264,"column":2}},"265":{"start":{"line":266,"column":0},"end":{"line":266,"column":36}},"266":{"start":{"line":267,"column":0},"end":{"line":267,"column":16}},"267":{"start":{"line":268,"column":0},"end":{"line":268,"column":13}},"268":{"start":{"line":269,"column":0},"end":{"line":269,"column":2}},"270":{"start":{"line":271,"column":0},"end":{"line":271,"column":24}},"271":{"start":{"line":272,"column":0},"end":{"line":272,"column":22}},"272":{"start":{"line":273,"column":0},"end":{"line":273,"column":23}},"273":{"start":{"line":274,"column":0},"end":{"line":274,"column":17}},"274":{"start":{"line":275,"column":0},"end":{"line":275,"column":24}},"275":{"start":{"line":276,"column":0},"end":{"line":276,"column":21}},"276":{"start":{"line":277,"column":0},"end":{"line":277,"column":30}},"277":{"start":{"line":278,"column":0},"end":{"line":278,"column":70}},"278":{"start":{"line":279,"column":0},"end":{"line":279,"column":59}},"279":{"start":{"line":280,"column":0},"end":{"line":280,"column":16}},"280":{"start":{"line":281,"column":0},"end":{"line":281,"column":49}},"281":{"start":{"line":282,"column":0},"end":{"line":282,"column":21}},"282":{"start":{"line":283,"column":0},"end":{"line":283,"column":10}},"283":{"start":{"line":284,"column":0},"end":{"line":284,"column":7}},"284":{"start":{"line":285,"column":0},"end":{"line":285,"column":19}},"285":{"start":{"line":286,"column":0},"end":{"line":286,"column":5}},"286":{"start":{"line":287,"column":0},"end":{"line":287,"column":16}},"287":{"start":{"line":288,"column":0},"end":{"line":288,"column":50}},"288":{"start":{"line":289,"column":0},"end":{"line":289,"column":64}},"289":{"start":{"line":290,"column":0},"end":{"line":290,"column":74}},"290":{"start":{"line":291,"column":0},"end":{"line":291,"column":14}},"291":{"start":{"line":292,"column":0},"end":{"line":292,"column":28}},"292":{"start":{"line":293,"column":0},"end":{"line":293,"column":45}},"293":{"start":{"line":294,"column":0},"end":{"line":294,"column":8}},"294":{"start":{"line":295,"column":0},"end":{"line":295,"column":5}},"295":{"start":{"line":296,"column":0},"end":{"line":296,"column":16}},"296":{"start":{"line":297,"column":0},"end":{"line":297,"column":50}},"297":{"start":{"line":298,"column":0},"end":{"line":298,"column":62}},"298":{"start":{"line":299,"column":0},"end":{"line":299,"column":71}},"299":{"start":{"line":300,"column":0},"end":{"line":300,"column":14}},"300":{"start":{"line":301,"column":0},"end":{"line":301,"column":47}},"301":{"start":{"line":302,"column":0},"end":{"line":302,"column":26}},"302":{"start":{"line":303,"column":0},"end":{"line":303,"column":8}},"303":{"start":{"line":304,"column":0},"end":{"line":304,"column":5}},"304":{"start":{"line":305,"column":0},"end":{"line":305,"column":12}},"305":{"start":{"line":306,"column":0},"end":{"line":306,"column":19}},"306":{"start":{"line":307,"column":0},"end":{"line":307,"column":3}},"307":{"start":{"line":308,"column":0},"end":{"line":308,"column":1}},"309":{"start":{"line":310,"column":0},"end":{"line":310,"column":30}},"310":{"start":{"line":311,"column":0},"end":{"line":311,"column":69}},"311":{"start":{"line":312,"column":0},"end":{"line":312,"column":64}},"313":{"start":{"line":314,"column":0},"end":{"line":314,"column":53}},"314":{"start":{"line":315,"column":0},"end":{"line":315,"column":28}},"315":{"start":{"line":316,"column":0},"end":{"line":316,"column":15}},"316":{"start":{"line":317,"column":0},"end":{"line":317,"column":30}},"317":{"start":{"line":318,"column":0},"end":{"line":318,"column":6}},"318":{"start":{"line":319,"column":0},"end":{"line":319,"column":57}},"319":{"start":{"line":320,"column":0},"end":{"line":320,"column":4}},"321":{"start":{"line":322,"column":0},"end":{"line":322,"column":22}},"322":{"start":{"line":323,"column":0},"end":{"line":323,"column":29}},"323":{"start":{"line":324,"column":0},"end":{"line":324,"column":4}},"325":{"start":{"line":326,"column":0},"end":{"line":326,"column":22}},"326":{"start":{"line":327,"column":0},"end":{"line":327,"column":29}},"327":{"start":{"line":328,"column":0},"end":{"line":328,"column":4}},"329":{"start":{"line":330,"column":0},"end":{"line":330,"column":10}},"330":{"start":{"line":331,"column":0},"end":{"line":331,"column":26}},"331":{"start":{"line":332,"column":0},"end":{"line":332,"column":39}},"332":{"start":{"line":333,"column":0},"end":{"line":333,"column":37}},"333":{"start":{"line":334,"column":0},"end":{"line":334,"column":13}},"334":{"start":{"line":335,"column":0},"end":{"line":335,"column":9}},"335":{"start":{"line":336,"column":0},"end":{"line":336,"column":9}},"336":{"start":{"line":337,"column":0},"end":{"line":337,"column":38}},"337":{"start":{"line":338,"column":0},"end":{"line":338,"column":37}},"338":{"start":{"line":339,"column":0},"end":{"line":339,"column":4}},"339":{"start":{"line":340,"column":0},"end":{"line":340,"column":1}}},"s":{"0":1,"3":1,"4":1,"5":1,"7":1,"8":38,"9":38,"10":38,"11":38,"12":38,"13":38,"14":38,"15":38,"16":38,"17":38,"18":38,"19":38,"20":38,"21":38,"22":38,"23":38,"24":38,"25":38,"26":38,"27":38,"28":38,"29":38,"30":38,"31":38,"32":38,"33":38,"34":38,"35":38,"36":38,"37":38,"38":38,"39":38,"40":38,"41":38,"42":38,"43":38,"44":38,"45":38,"46":38,"47":38,"48":38,"49":38,"50":38,"51":38,"52":38,"53":38,"54":38,"55":38,"56":38,"57":38,"58":38,"59":38,"60":38,"61":38,"62":38,"63":38,"64":38,"65":38,"66":38,"67":38,"68":38,"69":38,"70":38,"71":38,"72":38,"73":38,"74":38,"75":38,"76":38,"77":38,"78":38,"79":38,"80":38,"81":38,"82":38,"83":38,"84":38,"85":38,"86":38,"87":38,"88":38,"89":38,"90":38,"91":38,"92":38,"93":38,"94":38,"95":38,"96":38,"97":38,"98":38,"99":38,"100":38,"101":38,"102":38,"103":38,"104":38,"105":38,"106":38,"107":38,"108":38,"109":38,"110":38,"111":38,"112":38,"113":38,"114":38,"115":38,"116":38,"117":38,"118":38,"119":38,"120":38,"121":38,"122":38,"123":38,"124":38,"125":38,"126":38,"127":38,"128":38,"129":38,"130":38,"131":38,"132":38,"133":38,"134":38,"135":38,"136":38,"137":38,"138":38,"139":38,"140":38,"141":38,"142":38,"143":38,"144":38,"145":38,"146":38,"147":38,"148":38,"149":38,"150":38,"151":38,"152":38,"153":38,"154":38,"155":38,"156":38,"157":38,"158":38,"159":38,"160":38,"161":38,"162":38,"163":38,"164":38,"165":38,"166":38,"167":38,"168":38,"169":38,"170":38,"171":38,"172":38,"173":38,"174":38,"175":38,"176":38,"177":38,"178":38,"179":38,"180":38,"181":38,"182":38,"183":38,"184":38,"185":38,"186":38,"187":38,"188":38,"189":38,"190":38,"191":38,"192":38,"193":38,"194":38,"195":38,"196":38,"197":38,"198":38,"199":38,"200":38,"201":38,"202":38,"203":38,"204":38,"205":38,"206":38,"207":38,"208":38,"209":38,"210":38,"211":38,"212":38,"213":38,"214":38,"215":38,"216":38,"217":38,"218":38,"219":38,"220":38,"221":38,"222":38,"223":38,"224":38,"225":38,"226":38,"227":38,"228":38,"229":38,"230":38,"231":38,"232":38,"233":38,"234":38,"235":38,"236":38,"237":38,"238":38,"239":38,"240":38,"241":38,"242":38,"243":38,"244":38,"245":38,"246":38,"247":38,"248":38,"249":38,"250":38,"251":38,"252":38,"253":38,"254":38,"255":38,"256":38,"257":38,"258":38,"259":38,"260":38,"262":38,"263":38,"265":1,"266":1,"267":1,"268":1,"270":63,"271":63,"272":63,"273":63,"274":63,"275":63,"276":39,"277":38,"278":38,"279":38,"280":38,"281":38,"282":38,"283":38,"284":1,"285":1,"286":63,"287":15,"288":12,"289":12,"290":12,"291":12,"292":12,"293":12,"294":12,"295":63,"296":8,"297":5,"298":5,"299":5,"300":5,"301":5,"302":5,"303":5,"304":63,"305":1,"306":63,"307":63,"309":1,"310":69,"311":69,"313":69,"314":38,"315":38,"316":38,"317":38,"318":38,"319":38,"321":69,"322":14,"323":14,"325":69,"326":7,"327":7,"329":69,"330":69,"331":69,"332":69,"333":69,"334":69,"335":69,"336":69,"337":69,"338":69,"339":69},"branchMap":{"0":{"type":"branch","line":8,"loc":{"start":{"line":8,"column":23},"end":{"line":264,"column":2}},"locations":[{"start":{"line":8,"column":23},"end":{"line":264,"column":2}}]},"1":{"type":"branch","line":271,"loc":{"start":{"line":271,"column":0},"end":{"line":308,"column":1}},"locations":[{"start":{"line":271,"column":0},"end":{"line":308,"column":1}}]},"2":{"type":"branch","line":276,"loc":{"start":{"line":276,"column":4},"end":{"line":286,"column":5}},"locations":[{"start":{"line":276,"column":4},"end":{"line":286,"column":5}}]},"3":{"type":"branch","line":277,"loc":{"start":{"line":277,"column":29},"end":{"line":284,"column":7}},"locations":[{"start":{"line":277,"column":29},"end":{"line":284,"column":7}}]},"4":{"type":"branch","line":284,"loc":{"start":{"line":284,"column":6},"end":{"line":286,"column":5}},"locations":[{"start":{"line":284,"column":6},"end":{"line":286,"column":5}}]},"5":{"type":"branch","line":287,"loc":{"start":{"line":287,"column":4},"end":{"line":295,"column":5}},"locations":[{"start":{"line":287,"column":4},"end":{"line":295,"column":5}}]},"6":{"type":"branch","line":288,"loc":{"start":{"line":288,"column":37},"end":{"line":288,"column":50}},"locations":[{"start":{"line":288,"column":37},"end":{"line":288,"column":50}}]},"7":{"type":"branch","line":288,"loc":{"start":{"line":288,"column":44},"end":{"line":295,"column":5}},"locations":[{"start":{"line":288,"column":44},"end":{"line":295,"column":5}}]},"8":{"type":"branch","line":296,"loc":{"start":{"line":296,"column":4},"end":{"line":304,"column":5}},"locations":[{"start":{"line":296,"column":4},"end":{"line":304,"column":5}}]},"9":{"type":"branch","line":297,"loc":{"start":{"line":297,"column":37},"end":{"line":297,"column":50}},"locations":[{"start":{"line":297,"column":37},"end":{"line":297,"column":50}}]},"10":{"type":"branch","line":297,"loc":{"start":{"line":297,"column":44},"end":{"line":304,"column":5}},"locations":[{"start":{"line":297,"column":44},"end":{"line":304,"column":5}}]},"11":{"type":"branch","line":305,"loc":{"start":{"line":305,"column":4},"end":{"line":306,"column":19}},"locations":[{"start":{"line":305,"column":4},"end":{"line":306,"column":19}}]},"12":{"type":"branch","line":310,"loc":{"start":{"line":310,"column":7},"end":{"line":340,"column":1}},"locations":[{"start":{"line":310,"column":7},"end":{"line":340,"column":1}}]},"13":{"type":"branch","line":314,"loc":{"start":{"line":314,"column":19},"end":{"line":320,"column":4}},"locations":[{"start":{"line":314,"column":19},"end":{"line":320,"column":4}}]},"14":{"type":"branch","line":322,"loc":{"start":{"line":322,"column":15},"end":{"line":324,"column":4}},"locations":[{"start":{"line":322,"column":15},"end":{"line":324,"column":4}}]},"15":{"type":"branch","line":326,"loc":{"start":{"line":326,"column":15},"end":{"line":328,"column":4}},"locations":[{"start":{"line":326,"column":15},"end":{"line":328,"column":4}}]}},"b":{"0":[38],"1":[63],"2":[39],"3":[38],"4":[1],"5":[15],"6":[3],"7":[12],"8":[8],"9":[3],"10":[5],"11":[1],"12":[69],"13":[38],"14":[14],"15":[7]},"fnMap":{"0":{"name":"getRandomColor","decl":{"start":{"line":8,"column":23},"end":{"line":264,"column":2}},"loc":{"start":{"line":8,"column":23},"end":{"line":264,"column":2}},"line":8},"1":{"name":"drawingReducer","decl":{"start":{"line":271,"column":0},"end":{"line":308,"column":1}},"loc":{"start":{"line":271,"column":0},"end":{"line":308,"column":1}},"line":271},"2":{"name":"useDrawing","decl":{"start":{"line":310,"column":7},"end":{"line":340,"column":1}},"loc":{"start":{"line":310,"column":7},"end":{"line":340,"column":1}},"line":310},"3":{"name":"addPoint","decl":{"start":{"line":314,"column":19},"end":{"line":320,"column":4}},"loc":{"start":{"line":314,"column":19},"end":{"line":320,"column":4}},"line":314},"4":{"name":"undo","decl":{"start":{"line":322,"column":15},"end":{"line":324,"column":4}},"loc":{"start":{"line":322,"column":15},"end":{"line":324,"column":4}},"line":322},"5":{"name":"redo","decl":{"start":{"line":326,"column":15},"end":{"line":328,"column":4}},"loc":{"start":{"line":326,"column":15},"end":{"line":328,"column":4}},"line":326}},"f":{"0":38,"1":63,"2":69,"3":38,"4":14,"5":7}}
,"/home/cm-arm-06-l/Desktop/Lessons/React/react-challenge/src/types/index.ts": {"path":"/home/cm-arm-06-l/Desktop/Lessons/React/react-challenge/src/types/index.ts","all":true,"statementMap":{},"s":{},"branchMap":{"0":{"type":"branch","line":1,"loc":{"start":{"line":1,"column":740},"end":{"line":42,"column":1}},"locations":[{"start":{"line":1,"column":740},"end":{"line":42,"column":1}}]}},"b":{"0":[1]},"fnMap":{"0":{"name":"(empty-report)","decl":{"start":{"line":1,"column":740},"end":{"line":42,"column":1}},"loc":{"start":{"line":1,"column":740},"end":{"line":42,"column":1}},"line":1}},"f":{"0":1}}
}
